<?xml version="1.0" encoding="UTF-8"?>
<!-- Generated by org.testng.reporters.JUnitXMLReporter -->
<testsuite hostname="DESKTOP-RU7VQSE" ignored="0" name="Test" tests="1" failures="0" timestamp="16 Jan 2020 09:01:27 GMT" time="0.047" errors="0">
  <testcase name="@BeforeSuite browser_launch" time="0.094" classname="fbMaven_package.BaseClass">
    <failure type="java.lang.IllegalStateException" message="The driver executable does not exist: C:\Users\SONY\fbMaven_Project\src\Browser_drivers\chromedriver_2.exe">
      <![CDATA[java.lang.IllegalStateException: The driver executable does not exist: C:\Users\SONY\fbMaven_Project\src\Browser_drivers\chromedriver_2.exe
at com.google.common.base.Preconditions.checkState(Preconditions.java:585)
at org.openqa.selenium.remote.service.DriverService.checkExecutable(DriverService.java:146)
at org.openqa.selenium.remote.service.DriverService.findExecutable(DriverService.java:141)
at org.openqa.selenium.chrome.ChromeDriverService.access$000(ChromeDriverService.java:35)
at org.openqa.selenium.chrome.ChromeDriverService$Builder.findDefaultExecutable(ChromeDriverService.java:159)
at org.openqa.selenium.remote.service.DriverService$Builder.build(DriverService.java:355)
at org.openqa.selenium.chrome.ChromeDriverService.createDefaultService(ChromeDriverService.java:94)
at org.openqa.selenium.chrome.ChromeDriver.<init>(ChromeDriver.java:123)
at fbMaven_package.BaseClass.browser_launch(BaseClass.java:18)
... Removed 20 stack frames]]>
    </failure>
  </testcase> <!-- @BeforeSuite browser_launch -->
  <testcase name="test1" time="0.0" classname="fbMaven_package.BaseClass">
    <skipped/>
  </testcase> <!-- test1 -->
</testsuite> <!-- Test -->
